<?xml version="1.0" encoding="UTF-8"?>
<testng-results ignored="0" total="1" passed="1" failed="0" skipped="0">
  <reporter-output>
  </reporter-output>
  <suite started-at="2023-01-15T10:50:56 IST" name="Default suite" finished-at="2023-01-15T10:50:59 IST" duration-ms="3426">
    <groups>
    </groups>
    <test started-at="2023-01-15T10:50:56 IST" name="Default test" finished-at="2023-01-15T10:50:59 IST" duration-ms="3426">
      <class name="Test.SoapXML">
        <test-method signature="soapxml()[pri:0, instance:Test.SoapXML@209da20d]" started-at="2023-01-15T10:50:56 IST" name="soapxml" finished-at="2023-01-15T10:50:59 IST" duration-ms="3391" status="PASS">
          <reporter-output>
          </reporter-output>
        </test-method> <!-- soapxml -->
      </class> <!-- Test.SoapXML -->
    </test> <!-- Default test -->
  </suite> <!-- Default suite -->
</testng-results>
