<?xml version="1.0" encoding="UTF-8"?>
<!-- Generated by org.testng.reporters.JUnitXMLReporter -->
<testsuite ignored="0" hostname="AIPL6335LT14539" failures="0" tests="3" name="Default test" time="1.271" errors="0" timestamp="2023-01-26T14:09:57 IST">
  <testcase classname="Test2.dynamicpayloadTest" name="addBook" time="1.079"/>
  <testcase classname="Test2.dynamicpayloadTest" name="addBook" time="0.082"/>
  <testcase classname="Test2.dynamicpayloadTest" name="addBook" time="0.071"/>
</testsuite> <!-- Default test -->
